<?xml version="1.0" encoding="UTF-8"?>
<testsuite name="org.example.SoybeansContractTest" tests="2" skipped="0" failures="0" errors="0" timestamp="2019-09-30T14:48:34" hostname="luciano-ThinkPad-T480" time="0.472">
  <properties/>
  <testcase name="assetDelete()" classname="org.example.SoybeansContractTest" time="0.46"/>
  <testcase name="assetRead()" classname="org.example.SoybeansContractTest" time="0.012"/>
  <system-out><![CDATA[]]></system-out>
  <system-err><![CDATA[]]></system-err>
</testsuite>
