<?xml version="1.0" encoding="UTF-8"?>
<testsuite name="org.example.SoybeansContractTest$AssetUpdates" tests="2" skipped="0" failures="0" errors="0" timestamp="2019-10-03T14:58:29" hostname="luciano-ThinkPad-T480" time="0.009">
  <properties/>
  <testcase name="updateExisting()" classname="org.example.SoybeansContractTest$AssetUpdates" time="0.007"/>
  <testcase name="updateMissing()" classname="org.example.SoybeansContractTest$AssetUpdates" time="0.001"/>
  <system-out><![CDATA[]]></system-out>
  <system-err><![CDATA[]]></system-err>
</testsuite>
