<?xml version="1.0" encoding="UTF-8"?>
<testsuite name="org.example.ImageContractTest$AssetExists" tests="3" skipped="0" failures="0" errors="0" timestamp="2019-10-03T14:58:29" hostname="luciano-ThinkPad-T480" time="0.009">
  <properties/>
  <testcase name="noProperAsset()" classname="org.example.ImageContractTest$AssetExists" time="0.003"/>
  <testcase name="noKey()" classname="org.example.ImageContractTest$AssetExists" time="0.001"/>
  <testcase name="assetExists()" classname="org.example.ImageContractTest$AssetExists" time="0.002"/>
  <system-out><![CDATA[]]></system-out>
  <system-err><![CDATA[]]></system-err>
</testsuite>
