<?xml version="1.0" encoding="UTF-8"?>
<testsuite name="org.example.SoybeansContractTest" tests="2" skipped="0" failures="0" errors="0" timestamp="2019-10-03T14:58:29" hostname="luciano-ThinkPad-T480" time="0.005">
  <properties/>
  <testcase name="assetDelete()" classname="org.example.SoybeansContractTest" time="0.002"/>
  <testcase name="assetRead()" classname="org.example.SoybeansContractTest" time="0.003"/>
  <system-out><![CDATA[]]></system-out>
  <system-err><![CDATA[]]></system-err>
</testsuite>
