<?xml version="1.0" encoding="UTF-8"?>
<testsuite name="org.example.ImageContractTest$AssetUpdates" tests="1" skipped="0" failures="0" errors="0" timestamp="2019-10-03T14:58:29" hostname="luciano-ThinkPad-T480" time="0.002">
  <properties/>
  <testcase name="updateMissing()" classname="org.example.ImageContractTest$AssetUpdates" time="0.002"/>
  <system-out><![CDATA[]]></system-out>
  <system-err><![CDATA[]]></system-err>
</testsuite>
