<?xml version="1.0" encoding="UTF-8"?>
<testsuite name="org.example.SoybeansContractTest$AssetUpdates" tests="2" skipped="0" failures="0" errors="0" timestamp="2019-09-27T02:24:14" hostname="MBP-de-Luciano" time="0.014">
  <properties/>
  <testcase name="updateExisting()" classname="org.example.SoybeansContractTest$AssetUpdates" time="0.009"/>
  <testcase name="updateMissing()" classname="org.example.SoybeansContractTest$AssetUpdates" time="0.003"/>
  <system-out><![CDATA[]]></system-out>
  <system-err><![CDATA[]]></system-err>
</testsuite>
