<?xml version="1.0" encoding="UTF-8"?>
<testsuite name="org.example.ImageContractTest" tests="2" skipped="0" failures="0" errors="0" timestamp="2019-10-03T14:58:28" hostname="luciano-ThinkPad-T480" time="0.571">
  <properties/>
  <testcase name="assetDelete()" classname="org.example.ImageContractTest" time="0.557"/>
  <testcase name="assetRead()" classname="org.example.ImageContractTest" time="0.011"/>
  <system-out><![CDATA[]]></system-out>
  <system-err><![CDATA[]]></system-err>
</testsuite>
