<?xml version="1.0" encoding="UTF-8"?>
<testsuite name="org.example.SoybeansContractTest$AssetExists" tests="3" skipped="0" failures="0" errors="0" timestamp="2019-09-26T18:42:54" hostname="luciano-ThinkPad-T480" time="0.006">
  <properties/>
  <testcase name="noProperAsset()" classname="org.example.SoybeansContractTest$AssetExists" time="0.002"/>
  <testcase name="noKey()" classname="org.example.SoybeansContractTest$AssetExists" time="0.001"/>
  <testcase name="assetExists()" classname="org.example.SoybeansContractTest$AssetExists" time="0.001"/>
  <system-out><![CDATA[]]></system-out>
  <system-err><![CDATA[]]></system-err>
</testsuite>
